[13-Feb-2018 21:40:36 UTC] about to facet
[13-Feb-2018 21:42:38 UTC] PHP Fatal error:  Uncaught TypeError: Argument 2 passed to my_posts_index_settings() must be an instance of WP_Post, none given, called in /Users/scott/Sites/bigduck/wp-includes/class-wp-hook.php on line 300 and defined in /Users/scott/Sites/bigduck/wp-content/themes/big-duck/functions.php:138
Stack trace:
#0 /Users/scott/Sites/bigduck/wp-includes/class-wp-hook.php(300): my_posts_index_settings(Array)
#1 /Users/scott/Sites/bigduck/wp-includes/plugin.php(203): WP_Hook->apply_filters(Array, Array)
#2 /Users/scott/Sites/bigduck/wp-content/plugins/search-by-algolia-instant-relevant-results/includes/indices/class-algolia-posts-index.php(223): apply_filters('algolia_posts_i...', Array, 'post')
#3 /Users/scott/Sites/bigduck/wp-content/plugins/search-by-algolia-instant-relevant-results/includes/indices/class-algolia-index.php(302): Algolia_Posts_Index->get_settings()
#4 /Users/scott/Sites/bigduck/wp-content/plugins/search-by-algolia-instant-relevant-results/includes/indices/class-algolia-index.php(295): Algolia_Index->push_settings()
 in /Users/scott/Sites/bigduck/wp-content/themes/big-duck/functions.php on line 138
[13-Feb-2018 21:42:42 UTC] about to facet
[13-Feb-2018 21:43:12 UTC] PHP Fatal error:  Uncaught TypeError: Argument 2 passed to my_posts_index_settings() must be an instance of WP_Post, none given, called in /Users/scott/Sites/bigduck/wp-includes/class-wp-hook.php on line 300 and defined in /Users/scott/Sites/bigduck/wp-content/themes/big-duck/functions.php:138
Stack trace:
#0 /Users/scott/Sites/bigduck/wp-includes/class-wp-hook.php(300): my_posts_index_settings(Array)
#1 /Users/scott/Sites/bigduck/wp-includes/plugin.php(203): WP_Hook->apply_filters(Array, Array)
#2 /Users/scott/Sites/bigduck/wp-content/plugins/search-by-algolia-instant-relevant-results/includes/indices/class-algolia-posts-index.php(223): apply_filters('algolia_posts_i...', Array, 'post')
#3 /Users/scott/Sites/bigduck/wp-content/plugins/search-by-algolia-instant-relevant-results/includes/indices/class-algolia-index.php(302): Algolia_Posts_Index->get_settings()
#4 /Users/scott/Sites/bigduck/wp-content/plugins/search-by-algolia-instant-relevant-results/includes/indices/class-algolia-index.php(295): Algolia_Index->push_settings()
 in /Users/scott/Sites/bigduck/wp-content/themes/big-duck/functions.php on line 138
[13-Feb-2018 21:43:30 UTC] PHP Fatal error:  Uncaught TypeError: Argument 2 passed to my_posts_index_settings() must be an instance of WP_Post, none given, called in /Users/scott/Sites/bigduck/wp-includes/class-wp-hook.php on line 300 and defined in /Users/scott/Sites/bigduck/wp-content/themes/big-duck/functions.php:138
Stack trace:
#0 /Users/scott/Sites/bigduck/wp-includes/class-wp-hook.php(300): my_posts_index_settings(Array)
#1 /Users/scott/Sites/bigduck/wp-includes/plugin.php(203): WP_Hook->apply_filters(Array, Array)
#2 /Users/scott/Sites/bigduck/wp-content/plugins/search-by-algolia-instant-relevant-results/includes/indices/class-algolia-posts-index.php(223): apply_filters('algolia_posts_i...', Array, 'post')
#3 /Users/scott/Sites/bigduck/wp-content/plugins/search-by-algolia-instant-relevant-results/includes/indices/class-algolia-index.php(302): Algolia_Posts_Index->get_settings()
#4 /Users/scott/Sites/bigduck/wp-content/plugins/search-by-algolia-instant-relevant-results/includes/indices/class-algolia-index.php(295): Algolia_Index->push_settings()
 in /Users/scott/Sites/bigduck/wp-content/themes/big-duck/functions.php on line 138
[13-Feb-2018 21:43:34 UTC] PHP Fatal error:  Uncaught TypeError: Argument 2 passed to my_posts_index_settings() must be an instance of WP_Post, none given, called in /Users/scott/Sites/bigduck/wp-includes/class-wp-hook.php on line 300 and defined in /Users/scott/Sites/bigduck/wp-content/themes/big-duck/functions.php:138
Stack trace:
#0 /Users/scott/Sites/bigduck/wp-includes/class-wp-hook.php(300): my_posts_index_settings(Array)
#1 /Users/scott/Sites/bigduck/wp-includes/plugin.php(203): WP_Hook->apply_filters(Array, Array)
#2 /Users/scott/Sites/bigduck/wp-content/plugins/search-by-algolia-instant-relevant-results/includes/indices/class-algolia-posts-index.php(223): apply_filters('algolia_posts_i...', Array, 'post')
#3 /Users/scott/Sites/bigduck/wp-content/plugins/search-by-algolia-instant-relevant-results/includes/indices/class-algolia-index.php(302): Algolia_Posts_Index->get_settings()
#4 /Users/scott/Sites/bigduck/wp-content/plugins/search-by-algolia-instant-relevant-results/includes/indices/class-algolia-index.php(295): Algolia_Index->push_settings()
 in /Users/scott/Sites/bigduck/wp-content/themes/big-duck/functions.php on line 138
[13-Feb-2018 21:49:21 UTC] about to facet
[13-Feb-2018 21:59:17 UTC] about to facet
[13-Feb-2018 22:07:49 UTC] about to facet
[25-Mar-2018 17:22:14 UTC] PHP Warning:  mysqli_real_connect(): MySQL server has gone away in /Users/keithmancuso/Sites/bigduck/wp-includes/wp-db.php on line 1603
[25-Mar-2018 17:22:14 UTC] PHP Warning:  mysqli_real_connect(): Error while reading greeting packet. PID=22203 in /Users/keithmancuso/Sites/bigduck/wp-includes/wp-db.php on line 1603
[25-Mar-2018 17:22:14 UTC] PHP Warning:  mysqli_real_connect(): (HY000/2006): MySQL server has gone away in /Users/keithmancuso/Sites/bigduck/wp-includes/wp-db.php on line 1603
[25-Mar-2018 17:22:34 UTC] PHP Warning:  mysqli_real_connect(): MySQL server has gone away in /Users/keithmancuso/Sites/bigduck/wp-includes/wp-db.php on line 1603
[25-Mar-2018 17:22:34 UTC] PHP Warning:  mysqli_real_connect(): Error while reading greeting packet. PID=22204 in /Users/keithmancuso/Sites/bigduck/wp-includes/wp-db.php on line 1603
[25-Mar-2018 17:22:34 UTC] PHP Warning:  mysqli_real_connect(): (HY000/2006): MySQL server has gone away in /Users/keithmancuso/Sites/bigduck/wp-includes/wp-db.php on line 1603
[25-Mar-2018 17:28:59 UTC] PHP Warning:  mysqli_real_connect(): MySQL server has gone away in /Users/keithmancuso/Sites/bigduck/wp-includes/wp-db.php on line 1603
[25-Mar-2018 17:28:59 UTC] PHP Warning:  mysqli_real_connect(): Error while reading greeting packet. PID=22204 in /Users/keithmancuso/Sites/bigduck/wp-includes/wp-db.php on line 1603
[25-Mar-2018 17:28:59 UTC] PHP Warning:  mysqli_real_connect(): (HY000/2006): MySQL server has gone away in /Users/keithmancuso/Sites/bigduck/wp-includes/wp-db.php on line 1603
[25-Mar-2018 17:29:01 UTC] PHP Warning:  mysqli_real_connect(): MySQL server has gone away in /Users/keithmancuso/Sites/bigduck/wp-includes/wp-db.php on line 1603
[25-Mar-2018 17:29:01 UTC] PHP Warning:  mysqli_real_connect(): Error while reading greeting packet. PID=22203 in /Users/keithmancuso/Sites/bigduck/wp-includes/wp-db.php on line 1603
[25-Mar-2018 17:29:01 UTC] PHP Warning:  mysqli_real_connect(): (HY000/2006): MySQL server has gone away in /Users/keithmancuso/Sites/bigduck/wp-includes/wp-db.php on line 1603
[25-Mar-2018 17:29:02 UTC] PHP Warning:  mysqli_real_connect(): MySQL server has gone away in /Users/keithmancuso/Sites/bigduck/wp-includes/wp-db.php on line 1603
[25-Mar-2018 17:29:02 UTC] PHP Warning:  mysqli_real_connect(): Error while reading greeting packet. PID=22204 in /Users/keithmancuso/Sites/bigduck/wp-includes/wp-db.php on line 1603
[25-Mar-2018 17:29:02 UTC] PHP Warning:  mysqli_real_connect(): (HY000/2006): MySQL server has gone away in /Users/keithmancuso/Sites/bigduck/wp-includes/wp-db.php on line 1603
[25-Mar-2018 17:29:02 UTC] PHP Warning:  mysqli_real_connect(): MySQL server has gone away in /Users/keithmancuso/Sites/bigduck/wp-includes/wp-db.php on line 1603
[25-Mar-2018 17:29:02 UTC] PHP Warning:  mysqli_real_connect(): Error while reading greeting packet. PID=22203 in /Users/keithmancuso/Sites/bigduck/wp-includes/wp-db.php on line 1603
[25-Mar-2018 17:29:02 UTC] PHP Warning:  mysqli_real_connect(): (HY000/2006): MySQL server has gone away in /Users/keithmancuso/Sites/bigduck/wp-includes/wp-db.php on line 1603
[25-Mar-2018 17:29:03 UTC] PHP Warning:  mysqli_real_connect(): MySQL server has gone away in /Users/keithmancuso/Sites/bigduck/wp-includes/wp-db.php on line 1603
[25-Mar-2018 17:29:03 UTC] PHP Warning:  mysqli_real_connect(): Error while reading greeting packet. PID=22204 in /Users/keithmancuso/Sites/bigduck/wp-includes/wp-db.php on line 1603
[25-Mar-2018 17:29:03 UTC] PHP Warning:  mysqli_real_connect(): (HY000/2006): MySQL server has gone away in /Users/keithmancuso/Sites/bigduck/wp-includes/wp-db.php on line 1603
[25-Mar-2018 17:29:03 UTC] PHP Warning:  mysqli_real_connect(): MySQL server has gone away in /Users/keithmancuso/Sites/bigduck/wp-includes/wp-db.php on line 1603
[25-Mar-2018 17:29:03 UTC] PHP Warning:  mysqli_real_connect(): Error while reading greeting packet. PID=22203 in /Users/keithmancuso/Sites/bigduck/wp-includes/wp-db.php on line 1603
[25-Mar-2018 17:29:03 UTC] PHP Warning:  mysqli_real_connect(): (HY000/2006): MySQL server has gone away in /Users/keithmancuso/Sites/bigduck/wp-includes/wp-db.php on line 1603
[25-Mar-2018 17:29:04 UTC] PHP Warning:  mysqli_real_connect(): MySQL server has gone away in /Users/keithmancuso/Sites/bigduck/wp-includes/wp-db.php on line 1603
[25-Mar-2018 17:29:04 UTC] PHP Warning:  mysqli_real_connect(): Error while reading greeting packet. PID=22204 in /Users/keithmancuso/Sites/bigduck/wp-includes/wp-db.php on line 1603
[25-Mar-2018 17:29:04 UTC] PHP Warning:  mysqli_real_connect(): (HY000/2006): MySQL server has gone away in /Users/keithmancuso/Sites/bigduck/wp-includes/wp-db.php on line 1603
[25-Mar-2018 17:29:05 UTC] PHP Warning:  mysqli_real_connect(): MySQL server has gone away in /Users/keithmancuso/Sites/bigduck/wp-includes/wp-db.php on line 1603
[25-Mar-2018 17:29:05 UTC] PHP Warning:  mysqli_real_connect(): Error while reading greeting packet. PID=22203 in /Users/keithmancuso/Sites/bigduck/wp-includes/wp-db.php on line 1603
[25-Mar-2018 17:29:05 UTC] PHP Warning:  mysqli_real_connect(): (HY000/2006): MySQL server has gone away in /Users/keithmancuso/Sites/bigduck/wp-includes/wp-db.php on line 1603
[25-Mar-2018 17:29:05 UTC] PHP Warning:  mysqli_real_connect(): MySQL server has gone away in /Users/keithmancuso/Sites/bigduck/wp-includes/wp-db.php on line 1603
[25-Mar-2018 17:29:05 UTC] PHP Warning:  mysqli_real_connect(): Error while reading greeting packet. PID=22204 in /Users/keithmancuso/Sites/bigduck/wp-includes/wp-db.php on line 1603
[25-Mar-2018 17:29:05 UTC] PHP Warning:  mysqli_real_connect(): (HY000/2006): MySQL server has gone away in /Users/keithmancuso/Sites/bigduck/wp-includes/wp-db.php on line 1603
[25-Mar-2018 17:29:06 UTC] PHP Warning:  mysqli_real_connect(): MySQL server has gone away in /Users/keithmancuso/Sites/bigduck/wp-includes/wp-db.php on line 1603
[25-Mar-2018 17:29:06 UTC] PHP Warning:  mysqli_real_connect(): Error while reading greeting packet. PID=22203 in /Users/keithmancuso/Sites/bigduck/wp-includes/wp-db.php on line 1603
[25-Mar-2018 17:29:06 UTC] PHP Warning:  mysqli_real_connect(): (HY000/2006): MySQL server has gone away in /Users/keithmancuso/Sites/bigduck/wp-includes/wp-db.php on line 1603
[25-Mar-2018 17:34:19 UTC] PHP Warning:  mysqli_real_connect(): (HY000/2002): No such file or directory in /Users/keithmancuso/Sites/bigduck/wp-includes/wp-db.php on line 1603
[25-Mar-2018 17:34:21 UTC] PHP Warning:  mysqli_real_connect(): (HY000/2002): No such file or directory in /Users/keithmancuso/Sites/bigduck/wp-includes/wp-db.php on line 1603
[25-Mar-2018 17:34:23 UTC] PHP Warning:  mysqli_real_connect(): (HY000/2002): No such file or directory in /Users/keithmancuso/Sites/bigduck/wp-includes/wp-db.php on line 1603
[25-Mar-2018 17:34:24 UTC] PHP Warning:  mysqli_real_connect(): (HY000/2002): No such file or directory in /Users/keithmancuso/Sites/bigduck/wp-includes/wp-db.php on line 1603
[25-Mar-2018 17:34:24 UTC] PHP Warning:  mysqli_real_connect(): (HY000/2002): No such file or directory in /Users/keithmancuso/Sites/bigduck/wp-includes/wp-db.php on line 1603
[25-Mar-2018 17:34:24 UTC] PHP Warning:  mysqli_real_connect(): (HY000/2002): No such file or directory in /Users/keithmancuso/Sites/bigduck/wp-includes/wp-db.php on line 1603
